ad197 config: MoHex v2.0.CMake Sep 22 2023.
ad197 config: ============ InitializeSystem ============
ad197 config: BenzeneProgram::InitRandom()
ad197 config: Seed = 1695384050
ad197 info: Prior Patterns:
ad197 info: Global:
ad197 info: Size            = 565 32648 
ad197 info: TableEntries    = 65932 65910
ad197 info: MirrorsAdded    = 0 0
ad197 info: PrunableCount   = 30593 30629
ad197 info: LargestGamma    = 5820.77
ad197 info: SmallestGamma   = 6.6e-05
ad197 info: Local:
ad197 info: Size            = 550 5318 
ad197 info: TableEntries    = 11602 11588
ad197 info: MirrorsAdded    = 0 0
ad197 info: PrunableCount   = 3659 3667
ad197 info: LargestGamma    = 11281.8
ad197 info: SmallestGamma   = 0.026235
ad197 info: Playout Patterns:
ad197 info: Global:
ad197 info: Size            = 565 32648 
ad197 info: TableEntries    = 70329 70329
ad197 info: MirrorsAdded    = 4397 4419
ad197 info: PrunableCount   = 30593 30629
ad197 info: LargestGamma    = 5820.77
ad197 info: SmallestGamma   = 6.6e-05
ad197 info: Local:
ad197 info: Size            = 550 5318 
ad197 info: TableEntries    = 11602 11588
ad197 info: MirrorsAdded    = 0 0
ad197 info: PrunableCount   = 3659 3667
ad197 info: LargestGamma    = 11281.8
ad197 info: SmallestGamma   = 0.026235
ad197 config: IcePatternSet: reading from '/home/charlie/repos/benzene-vanilla-cmake/share/ice-patterns.txt'.
ad197 config: IcePatternSet: parsed 1136 patterns.
ad197 config: VCS: reading captured set patterns from '/home/charlie/repos/benzene-vanilla-cmake/share/vc-captured-set.txt'.
ad197 config: VCS:: parsed 1 patterns.
ad197 config: VCS: reading captured set patterns from '/home/charlie/repos/benzene-vanilla-cmake/share/vc-captured-set.txt'.
ad197 config: VCS:: parsed 1 patterns.
ad197 config: IcePatternSet: reading from '/home/charlie/repos/benzene-vanilla-cmake/share/ice-patterns.txt'.
ad197 config: IcePatternSet: parsed 1136 patterns.
ad197 config: VCS: reading captured set patterns from '/home/charlie/repos/benzene-vanilla-cmake/share/vc-captured-set.txt'.
ad197 config: VCS:: parsed 1 patterns.
ad197 config: VCS: reading captured set patterns from '/home/charlie/repos/benzene-vanilla-cmake/share/vc-captured-set.txt'.
ad197 config: VCS:: parsed 1 patterns.
ad197 config: VCS: reading captured set patterns from '/home/charlie/repos/benzene-vanilla-cmake/share/vc-captured-set.txt'.
ad197 config: VCS:: parsed 1 patterns.
ad197 config: VCS: reading captured set patterns from '/home/charlie/repos/benzene-vanilla-cmake/share/vc-captured-set.txt'.
ad197 config: VCS:: parsed 1 patterns.
ad197 config: VCS: reading captured set patterns from '/home/charlie/repos/benzene-vanilla-cmake/share/vc-captured-set.txt'.
ad197 config: VCS:: parsed 1 patterns.
ad197 config: VCS: reading captured set patterns from '/home/charlie/repos/benzene-vanilla-cmake/share/vc-captured-set.txt'.
ad197 config: VCS:: parsed 1 patterns.
ad197 config: VCPattern: loading pattern templates from '/home/charlie/repos/benzene-vanilla-cmake/share/vc-patterns.txt'.
ad197 info: Best move cannot be determined, must search state.
ad197 info: --- MoHexPlayer::Search() ---
ad197 info: Color: white
ad197 info: MaxGames: 99999999
ad197 info: NumberThreads: 1
ad197 info: MaxNodes: 11363636 (999999968 bytes)
ad197 info: TimeForMove: 10
ad197 info: Time for PreSearch: 0.645318s
ad197 info: 
  756876af049199c4
  a  b  c  d  e  f  g  h  i  j  k  
 1\.  .  .  *  *  *  .  .  b  B  .\1
  2\.  .  *  *  *  *  *  *  .  .  .\2
   3\.  *  *  *  *  B  *  *  W  .  .\3
    4\.  *  *  *  *  *  *  *  .  .  .\4
     5\.  .  B  *  *  *  W  *  *  *  .\5
      6\.  .  *  *  *  *  *  *  *  *  .\6
       7\.  *  *  *  *  *  *  *  *  *  .\7
        8\.  *  *  *  *  *  *  *  *  *  .\8
         9\.  *  *  *  *  *  *  *  *  *  .\9
         10\.  *  *  *  *  *  *  *  *  .  .\10
          11\.  *  *  *  *  *  *  *  .  .  .\11
              a  b  c  d  e  f  g  h  i  j  k  
ad197 info: No subtree to reuse.
ad197 info: Creating thread 0
ad197 info: StartSearch()[0]
ad197 config: VCS: reading captured set patterns from '/home/charlie/repos/benzene-vanilla-cmake/share/vc-captured-set.txt'.
ad197 config: VCS:: parsed 1 patterns.
ad197 config: VCS: reading captured set patterns from '/home/charlie/repos/benzene-vanilla-cmake/share/vc-captured-set.txt'.
ad197 config: VCS:: parsed 1 patterns.
ad197 info: 
Elapsed Time   8.12745s
Count          45861
GamesPlayed    45861
Nodes          233947
Knowledge      222 (0.5%)
Expansions     2831.0
Time           7.31
GameLen        114.4 dev=1.8 min=4.0 max=115.0
InTree         8.2 dev=3.9 min=0.0 max=26.0
KnowDepth      5.7 dev=3.3 min=0.0 max=17.0
Aborted        0%
Games/s        6276.1
Score          0.61
Sequence       e6 f6 f5 c7 d8 b9 b10 c9 c10 d9 d10 e8 f9 g8 g9 h8 h9 i8 i9 k8 j10
ad197 info: 
ad197 info: Best move cannot be determined, must search state.
ad197 info: --- MoHexPlayer::Search() ---
ad197 info: Color: white
ad197 info: MaxGames: 99999999
ad197 info: NumberThreads: 1
ad197 info: MaxNodes: 11363636 (999999968 bytes)
ad197 info: TimeForMove: 10
ad197 info: Time for PreSearch: 0.599337s
ad197 info: 
  05cd408ce2cf5cf4
  a  b  c  d  e  f  g  h  i  j  k  
 1\.  .  .  *  *  *  .  .  b  B  .\1
  2\.  .  *  *  *  *  *  *  .  .  .\2
   3\.  *  *  *  *  B  *  *  W  .  .\3
    4\.  *  *  *  *  *  *  *  .  .  .\4
     5\.  .  B  *  *  *  W  *  *  *  .\5
      6\.  .  *  *  W  B  *  *  *  *  .\6
       7\.  *  *  *  *  *  *  *  *  *  .\7
        8\.  *  *  *  *  *  *  *  *  *  .\8
         9\.  *  *  *  *  *  *  *  *  *  .\9
         10\.  *  *  *  *  *  *  *  *  .  .\10
          11\.  *  *  *  *  *  *  *  .  .  .\11
              a  b  c  d  e  f  g  h  i  j  k  
ad197 info: Old: [black, j1] [white, i3] [black, f3] [white, g5] [black, c5] 
ad197 info: New: [black, j1] [white, i3] [black, f3] [white, g5] [black, c5] [white, e6] [black, f6] 
ad197 info: MovesPlayed: [white, e6] [black, f6] 
ad197 info: MoHexPlayer: Reusing 60497 nodes (25%)
ad197 info: MoHexPlayer: Reusing 83 knowledge states (37%)
ad197 info: StartSearch()[0]
ad197 info: 
Elapsed Time   7.11636s
Count          57733
GamesPlayed    44972
Nodes          263582
Knowledge      175 (0.3%)
Expansions     2660.0
Time           6.33
GameLen        109.3 dev=3.3 min=2.0 max=113.0
InTree         9.7 dev=3.2 min=1.0 max=24.0
KnowDepth      7.5 dev=2.8 min=2.0 max=17.0
Aborted        0%
Games/s        7101.6
Score          0.61
Sequence       f5 d7 b10 k2 j4 i4 h6 g6 h5 b7 d6 c7 b6 c6 d4 c4
ad197 info: 
ad197 info: Winning SC.
ad197 info: Winning SC.
ad197 info: Winning SC.
ad197 info: Winning SC.
ad197 info: Winning SC.
ad197 info: Winning SC.
ad197 info: Winning SC.
ad197 info: Winning SC.
9bfd6 config: VCS: reading captured set patterns from '/home/charlie/repos/benzene-vanilla-cmake/share/vc-captured-set.txt'.
9bfd6 config: VCS:: parsed 1 patterns.
9bfd6 config: VCS: reading captured set patterns from '/home/charlie/repos/benzene-vanilla-cmake/share/vc-captured-set.txt'.
9bfd6 config: VCS:: parsed 1 patterns.
9bfd6 dfpn: 
ad197 info: 
MID calls      0
VC builds      1
Terminal       1
Work           1
Wasted Work    0 (0%)
Elapsed Time   0.006442
MIDs/sec       0
VCs/sec        155.231

Consider Size  -
Move Index     -
Move Percent   -
Delta Increase -
Winner         white
PV             

HashTableStatistics:
Stores         1
LookupAttempt  6
LookupSuccess  3
Collisions     0

ad197 info: Best move cannot be determined, must search state.
ad197 info: --- MoHexPlayer::Search() ---
ad197 info: Color: white
ad197 info: MaxGames: 99999999
ad197 info: NumberThreads: 1
ad197 info: MaxNodes: 11363636 (999999968 bytes)
ad197 info: TimeForMove: 10
ad197 info: Time for PreSearch: 0.296225s
ad197 info: 
  a6f670a5ac77e839
  a  b  c  d  e  f  g  h  i  j  k  
 1\.  .  .  *  *  *  *  *  *  *  .\1
  2\.  .  *  *  *  *  *  *  *  *  .\2
   3\.  *  *  *  *  *  *  *  *  *  .\3
    4\.  *  *  *  *  *  *  *  *  *  .\4
     5\.  *  *  *  *  *  *  *  *  *  .\5
      6\.  *  *  *  *  B  .  .  .  .  .\6
       7\.  .  .  .  .  .  .  .  .  .  .\7
        8\.  .  .  .  .  .  .  .  .  .  .\8
         9\.  .  .  .  .  .  .  .  .  .  .\9
         10\.  .  .  .  .  .  .  .  .  .  .\10
          11\.  .  .  .  .  .  .  .  .  .  .\11
              a  b  c  d  e  f  g  h  i  j  k  
ad197 info: Old: [black, j1] [white, i3] [black, f3] [white, g5] [black, c5] [white, e6] [black, f6] 
ad197 info: New: [black, f6] 
ad197 info: ReuseSubtree: Backtracked to an earlier state.
ad197 info: No subtree to reuse.
ad197 info: StartSearch()[0]
ad197 info: 
Elapsed Time   5.59434s
Count          31782
GamesPlayed    31782
Nodes          177825
Knowledge      223 (0.7%)
Expansions     2157.0
Time           5.12
GameLen        119.9 dev=0.5 min=112.0 max=120.0
InTree         13.3 dev=6.5 min=0.0 max=43.0
KnowDepth      10.7 dev=5.8 min=0.0 max=30.0
Aborted        0%
Games/s        6203.9
Score          0.42
Sequence       f5 g5 h3 g4 g3 f4 f3 d4 d8 c8 c9 a10 b9 a9 b8 a8 b7 a7 b6 a6 b5 a5 b4 a4 b3 a3
ad197 info: 
ad197 info: Best move cannot be determined, must search state.
ad197 info: --- MoHexPlayer::Search() ---
ad197 info: Color: white
ad197 info: MaxGames: 99999999
ad197 info: NumberThreads: 1
ad197 info: MaxNodes: 11363636 (999999968 bytes)
ad197 info: TimeForMove: 10
ad197 info: Time for PreSearch: 0.613622s
ad197 info: 
  96df67cff2850199
  a  b  c  d  e  f  g  h  i  j  k  
 1\.  .  .  *  *  *  *  *  *  *  .\1
  2\.  .  *  *  *  *  *  *  *  *  .\2
   3\.  *  *  *  *  *  *  *  *  *  .\3
    4\.  *  *  *  *  *  *  *  *  *  .\4
     5\.  *  *  *  *  W  *  *  *  *  .\5
      6\.  *  *  *  *  B  *  *  *  *  .\6
       7\.  *  *  *  *  *  B  *  *  *  .\7
        8\.  *  *  *  *  *  *  *  *  *  .\8
         9\.  *  *  *  *  *  *  *  *  *  .\9
         10\.  *  *  *  *  *  *  *  *  .  .\10
          11\.  *  *  *  *  *  *  *  .  .  .\11
              a  b  c  d  e  f  g  h  i  j  k  
ad197 info: Old: [black, f6] 
ad197 info: New: [black, f6] [white, f5] [black, g7] 
ad197 info: MovesPlayed: [white, f5] [black, g7] 
ad197 info: No subtree to reuse.
ad197 info: StartSearch()[0]
ad197 info: 
Elapsed Time   6.65827s
Count          34921
GamesPlayed    34921
Nodes          188013
Knowledge      294 (0.8%)
Expansions     2348.0
Time           5.87
GameLen        115.7 dev=3.3 min=102.0 max=118.0
InTree         13.0 dev=7.3 min=0.0 max=49.0
KnowDepth      11.3 dev=6.8 min=0.0 max=36.0
Aborted        0%
Games/s        5948.5
Score          0.52
Sequence       g5 h5 h4 j3 j2 i3 i2 h3 h2 g3 g2 e3 f3 e4 d6 e6 e5 f4 i4 j4 i5 j5 i6 j6 i7 j7 i8 j8
ad197 info: 
ad197 info: Best move cannot be determined, must search state.
ad197 info: --- MoHexPlayer::Search() ---
ad197 info: Color: white
ad197 info: MaxGames: 99999999
ad197 info: NumberThreads: 1
ad197 info: MaxNodes: 11363636 (999999968 bytes)
ad197 info: TimeForMove: 10
ad197 info: Time for PreSearch: 0.650004s
ad197 info: 
  53be29cab5ccec74
  a  b  c  d  e  f  g  h  i  j  k  
 1\.  .  .  *  *  *  *  *  *  *  .\1
  2\.  .  *  *  *  *  *  *  *  *  .\2
   3\.  *  *  *  *  *  *  *  *  *  .\3
    4\.  *  *  *  *  *  *  *  *  *  .\4
     5\.  *  *  *  *  W  W  *  *  *  .\5
      6\.  *  *  *  *  B  B  *  *  *  .\6
       7\.  *  *  *  *  .  B  *  *  *  .\7
        8\.  *  *  *  *  *  *  *  *  *  .\8
         9\.  *  *  *  *  *  *  *  *  *  .\9
         10\.  *  *  *  *  *  *  *  *  .  .\10
          11\.  *  *  *  *  *  *  *  .  .  .\11
              a  b  c  d  e  f  g  h  i  j  k  
ad197 info: Old: [black, f6] [white, f5] [black, g7] 
ad197 info: New: [black, f6] [white, f5] [black, g7] [white, g5] [black, g6] 
ad197 info: MovesPlayed: [white, g5] [black, g6] 
ad197 info: MoHexPlayer: Reusing 94 nodes (0%)
ad197 info: MoHexPlayer: Reusing 0 knowledge states (0%)
ad197 info: StartSearch()[0]
ad197 info: 
Elapsed Time   5.74409s
Count          32069
GamesPlayed    32052
Nodes          164555
Knowledge      137 (0.4%)
Expansions     2033.0
Time           4.92
GameLen        115.3 dev=1.9 min=6.0 max=116.0
InTree         8.8 dev=4.1 min=1.0 max=28.0
KnowDepth      6.7 dev=3.8 min=0.0 max=19.0
Aborted        0%
Games/s        6520.0
Score          0.65
Sequence       h5 c7 e4 i5 i4 b6 c4 d4 e2 e3 f2 f3 g2 g3 h2 h3 i2 i3 j2
ad197 info: 
ad197 info: Best move cannot be determined, must search state.
ad197 info: --- MoHexPlayer::Search() ---
ad197 info: Color: white
ad197 info: MaxGames: 99999999
ad197 info: NumberThreads: 1
ad197 info: MaxNodes: 11363636 (999999968 bytes)
ad197 info: TimeForMove: 10
ad197 info: Time for PreSearch: 0.70118s
ad197 info: 
  4321d0e1da2249ec
  a  b  c  d  e  f  g  h  i  j  k  
 1\.  .  .  *  *  *  *  *  *  *  .\1
  2\.  .  *  *  *  *  *  *  *  *  .\2
   3\.  *  *  *  *  *  *  *  *  *  .\3
    4\.  *  *  *  *  *  .  .  *  *  .\4
     5\.  *  *  *  *  W  W  W  *  *  .\5
      6\.  *  *  *  B  B  B  *  *  *  .\6
       7\.  *  *  *  .  .  B  *  *  *  .\7
        8\.  *  *  *  *  *  *  *  *  *  .\8
         9\.  *  *  *  *  *  *  *  *  *  .\9
         10\.  *  *  *  *  *  *  *  *  .  .\10
          11\.  *  *  *  *  *  *  *  .  .  .\11
              a  b  c  d  e  f  g  h  i  j  k  
ad197 info: Old: [black, f6] [white, f5] [black, g7] [white, g5] [black, g6] 
ad197 info: New: [black, f6] [white, f5] [black, g7] [white, g5] [black, g6] [white, h5] [black, e6] 
ad197 info: MovesPlayed: [white, h5] [black, e6] 
ad197 info: MoHexPlayer: Reusing 1021 nodes (0%)
ad197 info: MoHexPlayer: Reusing 0 knowledge states (0%)
ad197 info: StartSearch()[0]
ad197 info: 
Elapsed Time   5.63628s
Count          22533
GamesPlayed    22344
Nodes          107017
Knowledge      148 (0.7%)
Expansions     1452.0
Time           4.76
GameLen        112.0 dev=4.2 min=3.0 max=114.0
InTree         15.6 dev=8.2 min=1.0 max=35.0
KnowDepth      12.6 dev=6.2 min=0.0 max=24.0
Aborted        0%
Games/s        4695.9
Score          0.71
Sequence       e5 c6 d4 c4 c5 a6 b6 a7 b5 a5 b4 a4 b2 b3 c2 c3 d2 d3 e2 e3 f2 f3 g2 k2 j4 g3 h2 h3 i2 j3 k1
ad197 info: 
ad197 info: Winning SC.
ad197 info: Winning SC.
ad197 info: Winning SC.
ad197 info: Winning SC.
ad197 info: Winning SC.
ad197 info: Winning SC.
ad197 info: Winning SC.
